<?xml version="1.0" encoding="UTF-8"?>
<!-- Generated by org.testng.reporters.JUnitReportReporter -->
<testsuite skipped="0" hostname="DESKTOP-JOCGLSO" name="Interview.Prime" tests="1" failures="0" timestamp="15 Apr 2022 03:53:32 GMT" time="0.011" errors="0">
  <testcase name="test" time="0.011" classname="Interview.Prime"/>
</testsuite> <!-- Interview.Prime -->
