<?xml version="1.0" encoding="UTF-8"?>
<!-- Generated by org.testng.reporters.JUnitReportReporter -->
<testsuite skipped="0" hostname="DESKTOP-JOCGLSO" name="Interview.CharacterCount" tests="1" failures="0" timestamp="15 Apr 2022 03:55:41 GMT" time="0.006" errors="0">
  <testcase name="Charactercount" time="0.006" classname="Interview.CharacterCount"/>
</testsuite> <!-- Interview.CharacterCount -->
